<?xml version="1.0" encoding="UTF-8"?>
<testsuite xmlns:xsi="http://www.w3.org/2001/XMLSchema-instance" xsi:noNamespaceSchemaLocation="https://maven.apache.org/surefire/maven-surefire-plugin/xsd/surefire-test-report-3.0.xsd" version="3.0" name="runner.TestRunner" time="0.315" tests="1" errors="0" skipped="0" failures="0">
  <properties>
    <property name="java.specification.version" value="13"/>
    <property name="sun.jnu.encoding" value="UTF-8"/>
    <property name="java.class.path" value="/Users/karimmekdoud/IdeaProjects/BDD_Selenium_Automation_Framework_Team4/Sprint/target/test-classes:/Users/karimmekdoud/IdeaProjects/BDD_Selenium_Automation_Framework_Team4/Sprint/target/classes:/Users/karimmekdoud/IdeaProjects/BDD_Selenium_Automation_Framework_Team4/Generic/target/Generic-1.0-SNAPSHOT.jar:/Users/karimmekdoud/.m2/repository/org/seleniumhq/selenium/selenium-java/3.141.59/selenium-java-3.141.59.jar:/Users/karimmekdoud/.m2/repository/org/seleniumhq/selenium/selenium-api/3.141.59/selenium-api-3.141.59.jar:/Users/karimmekdoud/.m2/repository/org/seleniumhq/selenium/selenium-chrome-driver/3.141.59/selenium-chrome-driver-3.141.59.jar:/Users/karimmekdoud/.m2/repository/org/seleniumhq/selenium/selenium-edge-driver/3.141.59/selenium-edge-driver-3.141.59.jar:/Users/karimmekdoud/.m2/repository/org/seleniumhq/selenium/selenium-firefox-driver/3.141.59/selenium-firefox-driver-3.141.59.jar:/Users/karimmekdoud/.m2/repository/org/seleniumhq/selenium/selenium-ie-driver/3.141.59/selenium-ie-driver-3.141.59.jar:/Users/karimmekdoud/.m2/repository/org/seleniumhq/selenium/selenium-opera-driver/3.141.59/selenium-opera-driver-3.141.59.jar:/Users/karimmekdoud/.m2/repository/org/seleniumhq/selenium/selenium-remote-driver/3.141.59/selenium-remote-driver-3.141.59.jar:/Users/karimmekdoud/.m2/repository/org/seleniumhq/selenium/selenium-safari-driver/3.141.59/selenium-safari-driver-3.141.59.jar:/Users/karimmekdoud/.m2/repository/org/seleniumhq/selenium/selenium-support/3.141.59/selenium-support-3.141.59.jar:/Users/karimmekdoud/.m2/repository/net/bytebuddy/byte-buddy/1.8.15/byte-buddy-1.8.15.jar:/Users/karimmekdoud/.m2/repository/org/apache/commons/commons-exec/1.3/commons-exec-1.3.jar:/Users/karimmekdoud/.m2/repository/com/google/guava/guava/25.0-jre/guava-25.0-jre.jar:/Users/karimmekdoud/.m2/repository/com/google/code/findbugs/jsr305/1.3.9/jsr305-1.3.9.jar:/Users/karimmekdoud/.m2/repository/org/checkerframework/checker-compat-qual/2.0.0/checker-compat-qual-2.0.0.jar:/Users/karimmekdoud/.m2/repository/com/google/errorprone/error_prone_annotations/2.1.3/error_prone_annotations-2.1.3.jar:/Users/karimmekdoud/.m2/repository/com/google/j2objc/j2objc-annotations/1.1/j2objc-annotations-1.1.jar:/Users/karimmekdoud/.m2/repository/org/codehaus/mojo/animal-sniffer-annotations/1.14/animal-sniffer-annotations-1.14.jar:/Users/karimmekdoud/.m2/repository/com/squareup/okhttp3/okhttp/3.11.0/okhttp-3.11.0.jar:/Users/karimmekdoud/.m2/repository/com/squareup/okio/okio/1.14.0/okio-1.14.0.jar:/Users/karimmekdoud/.m2/repository/org/seleniumhq/selenium/selenium-server/3.141.59/selenium-server-3.141.59.jar:/Users/karimmekdoud/.m2/repository/com/beust/jcommander/1.72/jcommander-1.72.jar:/Users/karimmekdoud/.m2/repository/net/jcip/jcip-annotations/1.0/jcip-annotations-1.0.jar:/Users/karimmekdoud/.m2/repository/org/seleniumhq/selenium/jetty-repacked/9.4.12.v20180830/jetty-repacked-9.4.12.v20180830.jar:/Users/karimmekdoud/.m2/repository/javax/servlet/javax.servlet-api/3.1.0/javax.servlet-api-3.1.0.jar:/Users/karimmekdoud/.m2/repository/org/yaml/snakeyaml/1.19/snakeyaml-1.19.jar:/Users/karimmekdoud/.m2/repository/junit/junit/4.13/junit-4.13.jar:/Users/karimmekdoud/.m2/repository/org/hamcrest/hamcrest-core/2.2/hamcrest-core-2.2.jar:/Users/karimmekdoud/.m2/repository/org/hamcrest/hamcrest/2.2/hamcrest-2.2.jar:/Users/karimmekdoud/.m2/repository/io/cucumber/cucumber-junit/5.7.0/cucumber-junit-5.7.0.jar:/Users/karimmekdoud/.m2/repository/org/apiguardian/apiguardian-api/1.1.0/apiguardian-api-1.1.0.jar:/Users/karimmekdoud/.m2/repository/io/cucumber/cucumber-java/5.7.0/cucumber-java-5.7.0.jar:/Users/karimmekdoud/.m2/repository/io/cucumber/cucumber-core/5.7.0/cucumber-core-5.7.0.jar:/Users/karimmekdoud/.m2/repository/io/cucumber/cucumber-gherkin/5.7.0/cucumber-gherkin-5.7.0.jar:/Users/karimmekdoud/.m2/repository/io/cucumber/cucumber-gherkin-vintage/5.7.0/cucumber-gherkin-vintage-5.7.0.jar:/Users/karimmekdoud/.m2/repository/io/cucumber/tag-expressions/2.0.4/tag-expressions-2.0.4.jar:/Users/karimmekdoud/.m2/repository/io/cucumber/cucumber-expressions/8.3.1/cucumber-expressions-8.3.1.jar:/Users/karimmekdoud/.m2/repository/io/cucumber/datatable/3.3.1/datatable-3.3.1.jar:/Users/karimmekdoud/.m2/repository/io/cucumber/cucumber-plugin/5.7.0/cucumber-plugin-5.7.0.jar:/Users/karimmekdoud/.m2/repository/io/cucumber/docstring/5.7.0/docstring-5.7.0.jar:/Users/karimmekdoud/.m2/repository/io/cucumber/cucumber-html/0.2.7/cucumber-html-0.2.7.jar:/Users/karimmekdoud/.m2/repository/net/sourceforge/cobertura/cobertura/2.1.1/cobertura-2.1.1.jar:/Users/karimmekdoud/.m2/repository/org/ow2/asm/asm/5.0.1/asm-5.0.1.jar:/Users/karimmekdoud/.m2/repository/org/ow2/asm/asm-tree/5.0.1/asm-tree-5.0.1.jar:/Users/karimmekdoud/.m2/repository/org/ow2/asm/asm-commons/5.0.1/asm-commons-5.0.1.jar:/Users/karimmekdoud/.m2/repository/org/ow2/asm/asm-util/5.0.1/asm-util-5.0.1.jar:/Users/karimmekdoud/.m2/repository/org/ow2/asm/asm-analysis/5.0.1/asm-analysis-5.0.1.jar:/Users/karimmekdoud/.m2/repository/oro/oro/2.0.8/oro-2.0.8.jar:/Users/karimmekdoud/.m2/repository/jaxen/jaxen/1.1.4/jaxen-1.1.4.jar:/Users/karimmekdoud/.m2/repository/org/apache/ant/ant/1.8.3/ant-1.8.3.jar:/Users/karimmekdoud/.m2/repository/org/apache/ant/ant-launcher/1.8.3/ant-launcher-1.8.3.jar:/Users/karimmekdoud/.m2/repository/org/apache/ant/ant-junit/1.8.3/ant-junit-1.8.3.jar:/Users/karimmekdoud/.m2/repository/org/mortbay/jetty/servlet-api-2.5/6.1.14/servlet-api-2.5-6.1.14.jar:/Users/karimmekdoud/.m2/repository/org/mortbay/jetty/jetty/6.1.14/jetty-6.1.14.jar:/Users/karimmekdoud/.m2/repository/org/mortbay/jetty/jetty-util/6.1.14/jetty-util-6.1.14.jar:/Users/karimmekdoud/.m2/repository/org/slf4j/slf4j-api/1.7.5/slf4j-api-1.7.5.jar:/Users/karimmekdoud/.m2/repository/ch/qos/logback/logback-classic/1.0.13/logback-classic-1.0.13.jar:/Users/karimmekdoud/.m2/repository/ch/qos/logback/logback-core/1.0.13/logback-core-1.0.13.jar:/Users/karimmekdoud/.m2/repository/io/cucumber/cucumber-jvm-deps/1.0.6/cucumber-jvm-deps-1.0.6.jar:/Users/karimmekdoud/.m2/repository/net/masterthought/cucumber-reporting/5.3.0/cucumber-reporting-5.3.0.jar:/Users/karimmekdoud/.m2/repository/com/fasterxml/jackson/core/jackson-databind/2.10.1/jackson-databind-2.10.1.jar:/Users/karimmekdoud/.m2/repository/com/fasterxml/jackson/core/jackson-annotations/2.10.1/jackson-annotations-2.10.1.jar:/Users/karimmekdoud/.m2/repository/com/fasterxml/jackson/core/jackson-core/2.10.1/jackson-core-2.10.1.jar:/Users/karimmekdoud/.m2/repository/com/fasterxml/jackson/datatype/jackson-datatype-jsr310/2.10.1/jackson-datatype-jsr310-2.10.1.jar:/Users/karimmekdoud/.m2/repository/org/apache/velocity/velocity-engine-core/2.1/velocity-engine-core-2.1.jar:/Users/karimmekdoud/.m2/repository/commons-collections/commons-collections/3.2.2/commons-collections-3.2.2.jar:/Users/karimmekdoud/.m2/repository/joda-time/joda-time/2.10.5/joda-time-2.10.5.jar:/Users/karimmekdoud/.m2/repository/org/codehaus/plexus/plexus-utils/3.3.0/plexus-utils-3.3.0.jar:/Users/karimmekdoud/.m2/repository/org/jsoup/jsoup/1.12.1/jsoup-1.12.1.jar:/Users/karimmekdoud/.m2/repository/com/googlecode/owasp-java-html-sanitizer/owasp-java-html-sanitizer/20191001.1/owasp-java-html-sanitizer-20191001.1.jar:/Users/karimmekdoud/.m2/repository/commons-configuration/commons-configuration/1.10/commons-configuration-1.10.jar:/Users/karimmekdoud/.m2/repository/commons-lang/commons-lang/2.6/commons-lang-2.6.jar:/Users/karimmekdoud/.m2/repository/commons-logging/commons-logging/1.1.1/commons-logging-1.1.1.jar:/Users/karimmekdoud/.m2/repository/io/cucumber/gherkin/13.0.0/gherkin-13.0.0.jar:/Users/karimmekdoud/.m2/repository/io/cucumber/messages/12.0.0/messages-12.0.0.jar:/Users/karimmekdoud/.m2/repository/org/apache/commons/commons-lang3/3.10/commons-lang3-3.10.jar:/Users/karimmekdoud/.m2/repository/commons-io/commons-io/2.7/commons-io-2.7.jar:/Users/karimmekdoud/.m2/repository/org/apache/poi/poi-ooxml/4.1.2/poi-ooxml-4.1.2.jar:/Users/karimmekdoud/.m2/repository/org/apache/poi/poi-ooxml-schemas/4.1.2/poi-ooxml-schemas-4.1.2.jar:/Users/karimmekdoud/.m2/repository/org/apache/xmlbeans/xmlbeans/3.1.0/xmlbeans-3.1.0.jar:/Users/karimmekdoud/.m2/repository/org/apache/commons/commons-compress/1.19/commons-compress-1.19.jar:/Users/karimmekdoud/.m2/repository/com/github/virtuald/curvesapi/1.06/curvesapi-1.06.jar:/Users/karimmekdoud/.m2/repository/org/apache/poi/poi/4.1.2/poi-4.1.2.jar:/Users/karimmekdoud/.m2/repository/commons-codec/commons-codec/1.13/commons-codec-1.13.jar:/Users/karimmekdoud/.m2/repository/org/apache/commons/commons-collections4/4.4/commons-collections4-4.4.jar:/Users/karimmekdoud/.m2/repository/org/apache/commons/commons-math3/3.6.1/commons-math3-3.6.1.jar:/Users/karimmekdoud/.m2/repository/com/zaxxer/SparseBitSet/1.2/SparseBitSet-1.2.jar:"/>
    <property name="java.vm.vendor" value="Oracle Corporation"/>
    <property name="sun.arch.data.model" value="64"/>
    <property name="java.vendor.url" value="https://java.oracle.com/"/>
    <property name="os.name" value="Mac OS X"/>
    <property name="java.vm.specification.version" value="13"/>
    <property name="sun.java.launcher" value="SUN_STANDARD"/>
    <property name="user.country" value="US"/>
    <property name="sun.boot.library.path" value="/Library/Java/JavaVirtualMachines/jdk-13.0.2.jdk/Contents/Home/lib"/>
    <property name="sun.java.command" value="/Users/karimmekdoud/IdeaProjects/BDD_Selenium_Automation_Framework_Team4/Sprint/target/surefire/surefirebooter2049062232982633223.jar /Users/karimmekdoud/IdeaProjects/BDD_Selenium_Automation_Framework_Team4/Sprint/target/surefire 2020-06-19T21-54-19_341-jvmRun1 surefire4446960959955867994tmp surefire_2432238002692158880tmp"/>
    <property name="http.nonProxyHosts" value="local|*.local|169.254/16|*.169.254/16"/>
    <property name="jdk.debug" value="release"/>
    <property name="surefire.test.class.path" value="/Users/karimmekdoud/IdeaProjects/BDD_Selenium_Automation_Framework_Team4/Sprint/target/test-classes:/Users/karimmekdoud/IdeaProjects/BDD_Selenium_Automation_Framework_Team4/Sprint/target/classes:/Users/karimmekdoud/IdeaProjects/BDD_Selenium_Automation_Framework_Team4/Generic/target/Generic-1.0-SNAPSHOT.jar:/Users/karimmekdoud/.m2/repository/org/seleniumhq/selenium/selenium-java/3.141.59/selenium-java-3.141.59.jar:/Users/karimmekdoud/.m2/repository/org/seleniumhq/selenium/selenium-api/3.141.59/selenium-api-3.141.59.jar:/Users/karimmekdoud/.m2/repository/org/seleniumhq/selenium/selenium-chrome-driver/3.141.59/selenium-chrome-driver-3.141.59.jar:/Users/karimmekdoud/.m2/repository/org/seleniumhq/selenium/selenium-edge-driver/3.141.59/selenium-edge-driver-3.141.59.jar:/Users/karimmekdoud/.m2/repository/org/seleniumhq/selenium/selenium-firefox-driver/3.141.59/selenium-firefox-driver-3.141.59.jar:/Users/karimmekdoud/.m2/repository/org/seleniumhq/selenium/selenium-ie-driver/3.141.59/selenium-ie-driver-3.141.59.jar:/Users/karimmekdoud/.m2/repository/org/seleniumhq/selenium/selenium-opera-driver/3.141.59/selenium-opera-driver-3.141.59.jar:/Users/karimmekdoud/.m2/repository/org/seleniumhq/selenium/selenium-remote-driver/3.141.59/selenium-remote-driver-3.141.59.jar:/Users/karimmekdoud/.m2/repository/org/seleniumhq/selenium/selenium-safari-driver/3.141.59/selenium-safari-driver-3.141.59.jar:/Users/karimmekdoud/.m2/repository/org/seleniumhq/selenium/selenium-support/3.141.59/selenium-support-3.141.59.jar:/Users/karimmekdoud/.m2/repository/net/bytebuddy/byte-buddy/1.8.15/byte-buddy-1.8.15.jar:/Users/karimmekdoud/.m2/repository/org/apache/commons/commons-exec/1.3/commons-exec-1.3.jar:/Users/karimmekdoud/.m2/repository/com/google/guava/guava/25.0-jre/guava-25.0-jre.jar:/Users/karimmekdoud/.m2/repository/com/google/code/findbugs/jsr305/1.3.9/jsr305-1.3.9.jar:/Users/karimmekdoud/.m2/repository/org/checkerframework/checker-compat-qual/2.0.0/checker-compat-qual-2.0.0.jar:/Users/karimmekdoud/.m2/repository/com/google/errorprone/error_prone_annotations/2.1.3/error_prone_annotations-2.1.3.jar:/Users/karimmekdoud/.m2/repository/com/google/j2objc/j2objc-annotations/1.1/j2objc-annotations-1.1.jar:/Users/karimmekdoud/.m2/repository/org/codehaus/mojo/animal-sniffer-annotations/1.14/animal-sniffer-annotations-1.14.jar:/Users/karimmekdoud/.m2/repository/com/squareup/okhttp3/okhttp/3.11.0/okhttp-3.11.0.jar:/Users/karimmekdoud/.m2/repository/com/squareup/okio/okio/1.14.0/okio-1.14.0.jar:/Users/karimmekdoud/.m2/repository/org/seleniumhq/selenium/selenium-server/3.141.59/selenium-server-3.141.59.jar:/Users/karimmekdoud/.m2/repository/com/beust/jcommander/1.72/jcommander-1.72.jar:/Users/karimmekdoud/.m2/repository/net/jcip/jcip-annotations/1.0/jcip-annotations-1.0.jar:/Users/karimmekdoud/.m2/repository/org/seleniumhq/selenium/jetty-repacked/9.4.12.v20180830/jetty-repacked-9.4.12.v20180830.jar:/Users/karimmekdoud/.m2/repository/javax/servlet/javax.servlet-api/3.1.0/javax.servlet-api-3.1.0.jar:/Users/karimmekdoud/.m2/repository/org/yaml/snakeyaml/1.19/snakeyaml-1.19.jar:/Users/karimmekdoud/.m2/repository/junit/junit/4.13/junit-4.13.jar:/Users/karimmekdoud/.m2/repository/org/hamcrest/hamcrest-core/2.2/hamcrest-core-2.2.jar:/Users/karimmekdoud/.m2/repository/org/hamcrest/hamcrest/2.2/hamcrest-2.2.jar:/Users/karimmekdoud/.m2/repository/io/cucumber/cucumber-junit/5.7.0/cucumber-junit-5.7.0.jar:/Users/karimmekdoud/.m2/repository/org/apiguardian/apiguardian-api/1.1.0/apiguardian-api-1.1.0.jar:/Users/karimmekdoud/.m2/repository/io/cucumber/cucumber-java/5.7.0/cucumber-java-5.7.0.jar:/Users/karimmekdoud/.m2/repository/io/cucumber/cucumber-core/5.7.0/cucumber-core-5.7.0.jar:/Users/karimmekdoud/.m2/repository/io/cucumber/cucumber-gherkin/5.7.0/cucumber-gherkin-5.7.0.jar:/Users/karimmekdoud/.m2/repository/io/cucumber/cucumber-gherkin-vintage/5.7.0/cucumber-gherkin-vintage-5.7.0.jar:/Users/karimmekdoud/.m2/repository/io/cucumber/tag-expressions/2.0.4/tag-expressions-2.0.4.jar:/Users/karimmekdoud/.m2/repository/io/cucumber/cucumber-expressions/8.3.1/cucumber-expressions-8.3.1.jar:/Users/karimmekdoud/.m2/repository/io/cucumber/datatable/3.3.1/datatable-3.3.1.jar:/Users/karimmekdoud/.m2/repository/io/cucumber/cucumber-plugin/5.7.0/cucumber-plugin-5.7.0.jar:/Users/karimmekdoud/.m2/repository/io/cucumber/docstring/5.7.0/docstring-5.7.0.jar:/Users/karimmekdoud/.m2/repository/io/cucumber/cucumber-html/0.2.7/cucumber-html-0.2.7.jar:/Users/karimmekdoud/.m2/repository/net/sourceforge/cobertura/cobertura/2.1.1/cobertura-2.1.1.jar:/Users/karimmekdoud/.m2/repository/org/ow2/asm/asm/5.0.1/asm-5.0.1.jar:/Users/karimmekdoud/.m2/repository/org/ow2/asm/asm-tree/5.0.1/asm-tree-5.0.1.jar:/Users/karimmekdoud/.m2/repository/org/ow2/asm/asm-commons/5.0.1/asm-commons-5.0.1.jar:/Users/karimmekdoud/.m2/repository/org/ow2/asm/asm-util/5.0.1/asm-util-5.0.1.jar:/Users/karimmekdoud/.m2/repository/org/ow2/asm/asm-analysis/5.0.1/asm-analysis-5.0.1.jar:/Users/karimmekdoud/.m2/repository/oro/oro/2.0.8/oro-2.0.8.jar:/Users/karimmekdoud/.m2/repository/jaxen/jaxen/1.1.4/jaxen-1.1.4.jar:/Users/karimmekdoud/.m2/repository/org/apache/ant/ant/1.8.3/ant-1.8.3.jar:/Users/karimmekdoud/.m2/repository/org/apache/ant/ant-launcher/1.8.3/ant-launcher-1.8.3.jar:/Users/karimmekdoud/.m2/repository/org/apache/ant/ant-junit/1.8.3/ant-junit-1.8.3.jar:/Users/karimmekdoud/.m2/repository/org/mortbay/jetty/servlet-api-2.5/6.1.14/servlet-api-2.5-6.1.14.jar:/Users/karimmekdoud/.m2/repository/org/mortbay/jetty/jetty/6.1.14/jetty-6.1.14.jar:/Users/karimmekdoud/.m2/repository/org/mortbay/jetty/jetty-util/6.1.14/jetty-util-6.1.14.jar:/Users/karimmekdoud/.m2/repository/org/slf4j/slf4j-api/1.7.5/slf4j-api-1.7.5.jar:/Users/karimmekdoud/.m2/repository/ch/qos/logback/logback-classic/1.0.13/logback-classic-1.0.13.jar:/Users/karimmekdoud/.m2/repository/ch/qos/logback/logback-core/1.0.13/logback-core-1.0.13.jar:/Users/karimmekdoud/.m2/repository/io/cucumber/cucumber-jvm-deps/1.0.6/cucumber-jvm-deps-1.0.6.jar:/Users/karimmekdoud/.m2/repository/net/masterthought/cucumber-reporting/5.3.0/cucumber-reporting-5.3.0.jar:/Users/karimmekdoud/.m2/repository/com/fasterxml/jackson/core/jackson-databind/2.10.1/jackson-databind-2.10.1.jar:/Users/karimmekdoud/.m2/repository/com/fasterxml/jackson/core/jackson-annotations/2.10.1/jackson-annotations-2.10.1.jar:/Users/karimmekdoud/.m2/repository/com/fasterxml/jackson/core/jackson-core/2.10.1/jackson-core-2.10.1.jar:/Users/karimmekdoud/.m2/repository/com/fasterxml/jackson/datatype/jackson-datatype-jsr310/2.10.1/jackson-datatype-jsr310-2.10.1.jar:/Users/karimmekdoud/.m2/repository/org/apache/velocity/velocity-engine-core/2.1/velocity-engine-core-2.1.jar:/Users/karimmekdoud/.m2/repository/commons-collections/commons-collections/3.2.2/commons-collections-3.2.2.jar:/Users/karimmekdoud/.m2/repository/joda-time/joda-time/2.10.5/joda-time-2.10.5.jar:/Users/karimmekdoud/.m2/repository/org/codehaus/plexus/plexus-utils/3.3.0/plexus-utils-3.3.0.jar:/Users/karimmekdoud/.m2/repository/org/jsoup/jsoup/1.12.1/jsoup-1.12.1.jar:/Users/karimmekdoud/.m2/repository/com/googlecode/owasp-java-html-sanitizer/owasp-java-html-sanitizer/20191001.1/owasp-java-html-sanitizer-20191001.1.jar:/Users/karimmekdoud/.m2/repository/commons-configuration/commons-configuration/1.10/commons-configuration-1.10.jar:/Users/karimmekdoud/.m2/repository/commons-lang/commons-lang/2.6/commons-lang-2.6.jar:/Users/karimmekdoud/.m2/repository/commons-logging/commons-logging/1.1.1/commons-logging-1.1.1.jar:/Users/karimmekdoud/.m2/repository/io/cucumber/gherkin/13.0.0/gherkin-13.0.0.jar:/Users/karimmekdoud/.m2/repository/io/cucumber/messages/12.0.0/messages-12.0.0.jar:/Users/karimmekdoud/.m2/repository/org/apache/commons/commons-lang3/3.10/commons-lang3-3.10.jar:/Users/karimmekdoud/.m2/repository/commons-io/commons-io/2.7/commons-io-2.7.jar:/Users/karimmekdoud/.m2/repository/org/apache/poi/poi-ooxml/4.1.2/poi-ooxml-4.1.2.jar:/Users/karimmekdoud/.m2/repository/org/apache/poi/poi-ooxml-schemas/4.1.2/poi-ooxml-schemas-4.1.2.jar:/Users/karimmekdoud/.m2/repository/org/apache/xmlbeans/xmlbeans/3.1.0/xmlbeans-3.1.0.jar:/Users/karimmekdoud/.m2/repository/org/apache/commons/commons-compress/1.19/commons-compress-1.19.jar:/Users/karimmekdoud/.m2/repository/com/github/virtuald/curvesapi/1.06/curvesapi-1.06.jar:/Users/karimmekdoud/.m2/repository/org/apache/poi/poi/4.1.2/poi-4.1.2.jar:/Users/karimmekdoud/.m2/repository/commons-codec/commons-codec/1.13/commons-codec-1.13.jar:/Users/karimmekdoud/.m2/repository/org/apache/commons/commons-collections4/4.4/commons-collections4-4.4.jar:/Users/karimmekdoud/.m2/repository/org/apache/commons/commons-math3/3.6.1/commons-math3-3.6.1.jar:/Users/karimmekdoud/.m2/repository/com/zaxxer/SparseBitSet/1.2/SparseBitSet-1.2.jar:"/>
    <property name="sun.cpu.endian" value="little"/>
    <property name="user.home" value="/Users/karimmekdoud"/>
    <property name="user.language" value="en"/>
    <property name="java.specification.vendor" value="Oracle Corporation"/>
    <property name="java.version.date" value="2020-01-14"/>
    <property name="java.home" value="/Library/Java/JavaVirtualMachines/jdk-13.0.2.jdk/Contents/Home"/>
    <property name="file.separator" value="/"/>
    <property name="basedir" value="/Users/karimmekdoud/IdeaProjects/BDD_Selenium_Automation_Framework_Team4/Sprint"/>
    <property name="java.vm.compressedOopsMode" value="Zero based"/>
    <property name="line.separator" value="&#10;"/>
    <property name="java.specification.name" value="Java Platform API Specification"/>
    <property name="java.vm.specification.vendor" value="Oracle Corporation"/>
    <property name="idea.version2020.1.2" value="true"/>
    <property name="surefire.real.class.path" value="/Users/karimmekdoud/IdeaProjects/BDD_Selenium_Automation_Framework_Team4/Sprint/target/surefire/surefirebooter2049062232982633223.jar"/>
    <property name="sun.management.compiler" value="HotSpot 64-Bit Tiered Compilers"/>
    <property name="ftp.nonProxyHosts" value="local|*.local|169.254/16|*.169.254/16"/>
    <property name="java.runtime.version" value="13.0.2+8"/>
    <property name="user.name" value="karimmekdoud"/>
    <property name="path.separator" value=":"/>
    <property name="os.version" value="10.15.4"/>
    <property name="java.runtime.name" value="Java(TM) SE Runtime Environment"/>
    <property name="file.encoding" value="UTF-8"/>
    <property name="java.vm.name" value="Java HotSpot(TM) 64-Bit Server VM"/>
    <property name="localRepository" value="/Users/karimmekdoud/.m2/repository"/>
    <property name="java.vendor.url.bug" value="https://bugreport.java.com/bugreport/"/>
    <property name="java.io.tmpdir" value="/var/folders/jk/jdwgknx526gfy49__69krsf80000gn/T/"/>
    <property name="java.version" value="13.0.2"/>
    <property name="user.dir" value="/Users/karimmekdoud/IdeaProjects/BDD_Selenium_Automation_Framework_Team4/Sprint"/>
    <property name="os.arch" value="x86_64"/>
    <property name="java.vm.specification.name" value="Java Virtual Machine Specification"/>
    <property name="java.library.path" value="/Users/karimmekdoud/Library/Java/Extensions:/Library/Java/Extensions:/Network/Library/Java/Extensions:/System/Library/Java/Extensions:/usr/lib/java:."/>
    <property name="java.vm.info" value="mixed mode, sharing"/>
    <property name="java.vendor" value="Oracle Corporation"/>
    <property name="java.vm.version" value="13.0.2+8"/>
    <property name="sun.io.unicode.encoding" value="UnicodeBig"/>
    <property name="socksNonProxyHosts" value="local|*.local|169.254/16|*.169.254/16"/>
    <property name="java.class.version" value="57.0"/>
  </properties>
  <testcase name="EMPTY_NAME" classname="EMPTY_NAME" time="0.087"/>
</testsuite>